<?xml version="1.0" encoding="UTF-8"?>
<testsuite name="com.esme.spring.faircorp.hello.ConsoleGreetingServiceTests" tests="1" skipped="0" failures="0" errors="0" timestamp="2018-10-10T13:16:12" hostname="wako-RCLnoMacBook-Air.local" time="0.019">
  <properties/>
  <testcase name="testGreeting" classname="com.esme.spring.faircorp.hello.ConsoleGreetingServiceTests" time="0.019"/>
  <system-out><![CDATA[Hello, Spring!
]]></system-out>
  <system-err><![CDATA[]]></system-err>
</testsuite>
