<?xml version="1.0" encoding="UTF-8"?>
<testsuite name="com.esme.spring.faircorp.hello.DummyUserServiceTest" tests="1" skipped="0" failures="0" errors="0" timestamp="2018-10-10T13:16:13" hostname="wako-RCLnoMacBook-Air.local" time="0.005">
  <properties/>
  <testcase name="testGreetingAll" classname="com.esme.spring.faircorp.hello.DummyUserServiceTest" time="0.005"/>
  <system-out><![CDATA[2018-10-10 15:16:12.906  INFO 71842 --- [    Test worker] o.s.t.c.s.DefaultTestContextBootstrapper : Neither @ContextConfiguration nor @ContextHierarchy found for test class [com.esme.spring.faircorp.hello.DummyUserServiceTest], using DelegatingSmartContextLoader
2018-10-10 15:16:12.908  INFO 71842 --- [    Test worker] o.s.t.c.support.AbstractContextLoader    : Could not detect default resource locations for test class [com.esme.spring.faircorp.hello.DummyUserServiceTest]: no resource found for suffixes {-context.xml}.
2018-10-10 15:16:12.911  INFO 71842 --- [    Test worker] c.s.AbstractDelegatingSmartContextLoader : AnnotationConfigContextLoader detected default configuration classes for context configuration [ContextConfigurationAttributes@1e6bf4f0 declaringClass = 'com.esme.spring.faircorp.hello.DummyUserServiceTest', classes = '{class com.esme.spring.faircorp.hello.DummyUserServiceTest$DummyUserServiceTestConfig}', locations = '{}', inheritLocations = false, initializers = '{}', inheritInitializers = true, name = [null], contextLoaderClass = 'org.springframework.test.context.ContextLoader'].
2018-10-10 15:16:12.914  INFO 71842 --- [    Test worker] o.s.t.c.s.DefaultTestContextBootstrapper : Loaded default TestExecutionListener class names from location [META-INF/spring.factories]: [org.springframework.boot.test.autoconfigure.restdocs.RestDocsTestExecutionListener, org.springframework.boot.test.autoconfigure.web.client.MockRestServiceServerResetTestExecutionListener, org.springframework.boot.test.autoconfigure.web.servlet.MockMvcPrintOnlyOnFailureTestExecutionListener, org.springframework.boot.test.autoconfigure.web.servlet.WebDriverTestExecutionListener, org.springframework.boot.test.mock.mockito.MockitoTestExecutionListener, org.springframework.boot.test.mock.mockito.ResetMocksTestExecutionListener, org.springframework.test.context.web.ServletTestExecutionListener, org.springframework.test.context.support.DirtiesContextBeforeModesTestExecutionListener, org.springframework.test.context.support.DependencyInjectionTestExecutionListener, org.springframework.test.context.support.DirtiesContextTestExecutionListener, org.springframework.test.context.transaction.TransactionalTestExecutionListener, org.springframework.test.context.jdbc.SqlScriptsTestExecutionListener]
2018-10-10 15:16:12.916  INFO 71842 --- [    Test worker] o.s.t.c.s.DefaultTestContextBootstrapper : Using TestExecutionListeners: [org.springframework.test.context.web.ServletTestExecutionListener@4dcf2c1d, org.springframework.test.context.support.DirtiesContextBeforeModesTestExecutionListener@a960dad, org.springframework.boot.test.mock.mockito.MockitoTestExecutionListener@4b1bb47b, org.springframework.test.context.support.DependencyInjectionTestExecutionListener@1bc9f6f9, org.springframework.test.context.support.DirtiesContextTestExecutionListener@2fd28e59, org.springframework.test.context.transaction.TransactionalTestExecutionListener@1593156b, org.springframework.test.context.jdbc.SqlScriptsTestExecutionListener@3bdd3ce, org.springframework.boot.test.autoconfigure.restdocs.RestDocsTestExecutionListener@5717937e, org.springframework.boot.test.autoconfigure.web.client.MockRestServiceServerResetTestExecutionListener@6c0c6f83, org.springframework.boot.test.autoconfigure.web.servlet.MockMvcPrintOnlyOnFailureTestExecutionListener@61391724, org.springframework.boot.test.autoconfigure.web.servlet.WebDriverTestExecutionListener@cf79b6e, org.springframework.boot.test.mock.mockito.ResetMocksTestExecutionListener@671065ed]
2018-10-10 15:16:12.927  INFO 71842 --- [    Test worker] o.s.c.support.GenericApplicationContext  : Refreshing org.springframework.context.support.GenericApplicationContext@15012783: startup date [Wed Oct 10 15:16:12 CEST 2018]; root of context hierarchy
Hello, Elodie!
Hello, Charles!
]]></system-out>
  <system-err><![CDATA[]]></system-err>
</testsuite>
